0 info it worked if it ends with ok
1 verbose cli [ '/Users/bfahnbulleh/.nvm/v0.10.40/bin/node',
1 verbose cli   '/Users/bfahnbulleh/.nvm/v0.10.40/bin/npm',
1 verbose cli   'run',
1 verbose cli   'watch' ]
2 info using npm@1.4.28
3 info using node@v0.10.40
4 verbose run-script [ 'prewatch', 'watch', 'postwatch' ]
5 info prewatch nwjs-git-branch-delete@1.0.0
6 info watch nwjs-git-branch-delete@1.0.0
7 verbose unsafe-perm in lifecycle true
8 info nwjs-git-branch-delete@1.0.0 Failed to exec watch script
9 error nwjs-git-branch-delete@1.0.0 watch: `webpack-dev-server`
9 error Exit status 8
10 error Failed at the nwjs-git-branch-delete@1.0.0 watch script.
10 error This is most likely a problem with the nwjs-git-branch-delete package,
10 error not with npm itself.
10 error Tell the author that this fails on your system:
10 error     webpack-dev-server
10 error You can get their info via:
10 error     npm owner ls nwjs-git-branch-delete
10 error There is likely additional logging output above.
11 error System Darwin 14.5.0
12 error command "/Users/bfahnbulleh/.nvm/v0.10.40/bin/node" "/Users/bfahnbulleh/.nvm/v0.10.40/bin/npm" "run" "watch"
13 error cwd /Users/bfahnbulleh/code/nwjs-git-branch-delete
14 error node -v v0.10.40
15 error npm -v 1.4.28
16 error code ELIFECYCLE
17 verbose exit [ 1, true ]
